[debug] ----------------------------------------------------------------------
[debug] Command:      /usr/local/Cellar/node/6.8.1/bin/node /usr/local/bin/firebase deploy --only functions
[debug] CLI Version:  3.5.0
[debug] Platform:     darwin
[debug] Node Version: v6.8.1
[debug] Time:         Mon Mar 27 2017 16:14:10 GMT+0100 (BST)
[debug] ----------------------------------------------------------------------
[debug] 
[debug] > command requires scopes: ["email","openid","https://www.googleapis.com/auth/cloudplatformprojects.readonly","https://www.googleapis.com/auth/firebase","https://www.googleapis.com/auth/cloud-platform"]
[debug] >>> HTTP REQUEST GET https://admin.firebase.com/v1/projects/hoops-us-149010  
 Mon Mar 27 2017 16:14:10 GMT+0100 (BST)
[debug] <<< HTTP RESPONSE 200
[debug] >>> HTTP REQUEST GET https://admin.firebase.com/v1/database/hoops-us-149010/tokens  
 Mon Mar 27 2017 16:14:11 GMT+0100 (BST)
[debug] <<< HTTP RESPONSE 200
[info] 
[info] === Deploying to 'hoops-us-149010'...
[info] 
[info] i  deploying functions
[debug] > [functions] package.json contents: {
  "name": "functions",
  "description": "Cloud Functions for Firebase",
  "dependencies": {
    "firebase-admin": "^4.1.2",
    "firebase-functions": "^0.5",
    "stripe": "^4.16.0"
  },
  "private": true
}
[info] i  functions: ensuring necessary APIs are enabled...
[info] i  runtimeconfig: ensuring necessary APIs are enabled...
[debug] >>> HTTP REQUEST GET https://servicemanagement.googleapis.com/v1/services/cloudfunctions.googleapis.com/projectSettings/hoops-us-149010?view=CONSUMER_VIEW  
 Mon Mar 27 2017 16:14:14 GMT+0100 (BST)
[debug] >>> HTTP REQUEST GET https://servicemanagement.googleapis.com/v1/services/runtimeconfig.googleapis.com/projectSettings/hoops-us-149010?view=CONSUMER_VIEW  
 Mon Mar 27 2017 16:14:14 GMT+0100 (BST)
[debug] <<< HTTP RESPONSE 200
[info] ✔  functions: all necessary APIs are enabled
[debug] <<< HTTP RESPONSE 200
[info] ✔  runtimeconfig: all necessary APIs are enabled
[debug] >>> HTTP REQUEST GET https://appengine.googleapis.com/v1/apps/hoops-us-149010  
 Mon Mar 27 2017 16:14:15 GMT+0100 (BST)
[debug] >>> HTTP REQUEST GET https://apikeys.googleapis.com/v1/projects/hoops-us-149010/apiKeys  
 Mon Mar 27 2017 16:14:15 GMT+0100 (BST)
[debug] <<< HTTP RESPONSE 200
[debug] <<< HTTP RESPONSE 200
[info] i  functions: preparing functions directory for uploading...
[debug] >>> HTTP REQUEST GET https://runtimeconfig.googleapis.com/v1beta1/projects/hoops-us-149010/configs  
 Mon Mar 27 2017 16:14:21 GMT+0100 (BST)
[debug] <<< HTTP RESPONSE 200
[debug] >>> HTTP REQUEST GET https://runtimeconfig.googleapis.com/v1beta1/projects/hoops-us-149010/configs/stripe/variables  
 Mon Mar 27 2017 16:14:22 GMT+0100 (BST)
[debug] <<< HTTP RESPONSE 200
[debug] >>> HTTP REQUEST GET https://runtimeconfig.googleapis.com/v1beta1/projects/hoops-us-149010/configs/stripe/variables/currency  
 Mon Mar 27 2017 16:14:22 GMT+0100 (BST)
[debug] >>> HTTP REQUEST GET https://runtimeconfig.googleapis.com/v1beta1/projects/hoops-us-149010/configs/stripe/variables/token  
 Mon Mar 27 2017 16:14:22 GMT+0100 (BST)
[debug] <<< HTTP RESPONSE 200
[debug] <<< HTTP RESPONSE 200
[debug] > [functions] runtime config materialized as: {
  "stripe": {
    "token": "sk_test_WTTMiUO7uSe2QSEdscdfkHYK",
    "currency": "GBP"
  },
  "firebase": {
    "databaseURL": "https://hoops-us-149010.firebaseio.com",
    "storageBucket": "hoops-us-149010.appspot.com",
    "apiKey": "AIzaSyB3J2RIftX860rL7K9g5T_902asQzMYpg4",
    "authDomain": "hoops-us-149010.firebaseapp.com"
  }
}
[debug] > [functions] parsed triggers: [
  {
    "eventTrigger": {
      "resource": "projects/hoops-us-149010",
      "eventType": "providers/firebase.auth/eventTypes/user.delete"
    },
    "name": "stripeCleanupUser",
    "entryPoint": "stripeCleanupUser"
  },
  {
    "httpsTrigger": {},
    "name": "stripeCreateAccount",
    "entryPoint": "stripeCreateAccount"
  },
  {
    "eventTrigger": {
      "resource": "projects/hoops-us-149010",
      "eventType": "providers/firebase.auth/eventTypes/user.create"
    },
    "name": "stripeCreateCustomer",
    "entryPoint": "stripeCreateCustomer"
  },
  {
    "httpsTrigger": {},
    "name": "stripeGetAccount",
    "entryPoint": "stripeGetAccount"
  }
]
[info] i  functions: packaged functions (3.61 KB) for uploading
[debug] >>> HTTP REQUEST GET https://www.googleapis.com/storage/v1/b/staging.hoops-us-149010.appspot.com  
 Mon Mar 27 2017 16:14:26 GMT+0100 (BST)
[debug] <<< HTTP RESPONSE 200
[debug] >>> HTTP REQUEST POST https://www.googleapis.com/upload/storage/v1/b/staging.hoops-us-149010.appspot.com/o?uploadType=media&name=firebase-functions-source ReadStream {
  _readableState: 
   ReadableState {
     objectMode: false,
     highWaterMark: 65536,
     buffer: BufferList { head: [Object], tail: [Object], length: 1 },
     length: 3692,
     pipes: null,
     pipesCount: 0,
     flowing: null,
     ended: true,
     endEmitted: false,
     reading: false,
     sync: false,
     needReadable: false,
     emittedReadable: true,
     readableListening: false,
     resumeScheduled: false,
     defaultEncoding: 'utf8',
     ranOut: false,
     awaitDrain: 0,
     readingMore: false,
     decoder: null,
     encoding: null },
  readable: true,
  domain: null,
  _events: { end: [Function] },
  _eventsCount: 1,
  _maxListeners: undefined,
  path: '/var/folders/5z/_k9tf_m57z5b1hnfzzvgrsgw0000gn/T/firebase-functions-12930F6TdpLbLTsqB.zip',
  fd: 20,
  flags: 'r',
  mode: 438,
  start: undefined,
  end: undefined,
  autoClose: true,
  pos: undefined,
  bytesRead: 3692 } 
 Mon Mar 27 2017 16:14:27 GMT+0100 (BST)
[debug] <<< HTTP RESPONSE 200
[info] ✔  functions: functions folder uploaded successfully
[info] i  starting release process (may take several minutes)...
[debug] >>> HTTP REQUEST GET https://cloudfunctions.googleapis.com/v1beta2/projects/hoops-us-149010/locations/us-central1/functions  
 Mon Mar 27 2017 16:14:27 GMT+0100 (BST)
[debug] <<< HTTP RESPONSE 200
[info] i  functions: updating function stripeCleanupUser...
[debug] Trigger is: 
[info] i  functions: updating function stripeCreateAccount...
[debug] Trigger is: 
[info] i  functions: updating function stripeCreateCustomer...
[debug] Trigger is: 
[info] i  functions: updating function stripeGetAccount...
[debug] Trigger is: 
[debug] >>> HTTP REQUEST PUT https://cloudfunctions.googleapis.com/v1beta2/projects/hoops-us-149010/locations/us-central1/functions/stripeCleanupUser { sourceArchiveUrl: 'gs://staging.hoops-us-149010.appspot.com/firebase-functions-source',
  name: 'projects/hoops-us-149010/locations/us-central1/functions/stripeCleanupUser',
  entryPoint: 'stripeCleanupUser',
  eventTrigger: 
   { resource: 'projects/hoops-us-149010',
     eventType: 'providers/firebase.auth/eventTypes/user.delete' } } 
 Mon Mar 27 2017 16:14:28 GMT+0100 (BST)
[debug] >>> HTTP REQUEST PUT https://cloudfunctions.googleapis.com/v1beta2/projects/hoops-us-149010/locations/us-central1/functions/stripeCreateAccount { sourceArchiveUrl: 'gs://staging.hoops-us-149010.appspot.com/firebase-functions-source',
  name: 'projects/hoops-us-149010/locations/us-central1/functions/stripeCreateAccount',
  entryPoint: 'stripeCreateAccount',
  httpsTrigger: {} } 
 Mon Mar 27 2017 16:14:28 GMT+0100 (BST)
[debug] >>> HTTP REQUEST PUT https://cloudfunctions.googleapis.com/v1beta2/projects/hoops-us-149010/locations/us-central1/functions/stripeCreateCustomer { sourceArchiveUrl: 'gs://staging.hoops-us-149010.appspot.com/firebase-functions-source',
  name: 'projects/hoops-us-149010/locations/us-central1/functions/stripeCreateCustomer',
  entryPoint: 'stripeCreateCustomer',
  eventTrigger: 
   { resource: 'projects/hoops-us-149010',
     eventType: 'providers/firebase.auth/eventTypes/user.create' } } 
 Mon Mar 27 2017 16:14:28 GMT+0100 (BST)
[debug] >>> HTTP REQUEST PUT https://cloudfunctions.googleapis.com/v1beta2/projects/hoops-us-149010/locations/us-central1/functions/stripeGetAccount { sourceArchiveUrl: 'gs://staging.hoops-us-149010.appspot.com/firebase-functions-source',
  name: 'projects/hoops-us-149010/locations/us-central1/functions/stripeGetAccount',
  entryPoint: 'stripeGetAccount',
  httpsTrigger: {} } 
 Mon Mar 27 2017 16:14:28 GMT+0100 (BST)
[debug] <<< HTTP RESPONSE 200
[debug] <<< HTTP RESPONSE 200
[debug] <<< HTTP RESPONSE 200
[debug] <<< HTTP RESPONSE 200
[debug] >>> HTTP REQUEST GET https://cloudfunctions.googleapis.com/v1beta2/projects/hoops-us-149010/locations/us-central1/functions  
 Mon Mar 27 2017 16:14:29 GMT+0100 (BST)
[debug] >>> HTTP REQUEST GET https://cloudfunctions.googleapis.com/v1beta2/operations/aG9vcHMtdXMtMTQ5MDEwL3VzLWNlbnRyYWwxL3N0cmlwZUNsZWFudXBVc2VyL2tTT0M0bk5UeERR  
 Mon Mar 27 2017 16:14:29 GMT+0100 (BST)
[debug] >>> HTTP REQUEST GET https://cloudfunctions.googleapis.com/v1beta2/operations/aG9vcHMtdXMtMTQ5MDEwL3VzLWNlbnRyYWwxL3N0cmlwZUNyZWF0ZUFjY291bnQvcjN1WVdHd29jWjA  
 Mon Mar 27 2017 16:14:29 GMT+0100 (BST)
[debug] >>> HTTP REQUEST GET https://cloudfunctions.googleapis.com/v1beta2/operations/aG9vcHMtdXMtMTQ5MDEwL3VzLWNlbnRyYWwxL3N0cmlwZUNyZWF0ZUN1c3RvbWVyL09WTEJncDU4TVZr  
 Mon Mar 27 2017 16:14:29 GMT+0100 (BST)
[debug] >>> HTTP REQUEST GET https://cloudfunctions.googleapis.com/v1beta2/operations/aG9vcHMtdXMtMTQ5MDEwL3VzLWNlbnRyYWwxL3N0cmlwZUdldEFjY291bnQvNkgyYVRQeFdHWDA  
 Mon Mar 27 2017 16:14:29 GMT+0100 (BST)
[debug] <<< HTTP RESPONSE 200
[debug] <<< HTTP RESPONSE 200
[debug] <<< HTTP RESPONSE 200
[debug] <<< HTTP RESPONSE 200
[debug] <<< HTTP RESPONSE 200
[debug] [functions] operation poll: stripeCleanupUser: update operations/aG9vcHMtdXMtMTQ5MDEwL3VzLWNlbnRyYWwxL3N0cmlwZUNsZWFudXBVc2VyL2tTT0M0bk5UeERR is not done.
[debug] [functions] operation poll: stripeCreateAccount: update operations/aG9vcHMtdXMtMTQ5MDEwL3VzLWNlbnRyYWwxL3N0cmlwZUNyZWF0ZUFjY291bnQvcjN1WVdHd29jWjA is not done.
[debug] [functions] operation poll: stripeCreateCustomer: update operations/aG9vcHMtdXMtMTQ5MDEwL3VzLWNlbnRyYWwxL3N0cmlwZUNyZWF0ZUN1c3RvbWVyL09WTEJncDU4TVZr is not done.
[debug] [functions] operation poll: stripeGetAccount: update operations/aG9vcHMtdXMtMTQ5MDEwL3VzLWNlbnRyYWwxL3N0cmlwZUdldEFjY291bnQvNkgyYVRQeFdHWDA is not done.
[debug] >>> HTTP REQUEST GET https://cloudfunctions.googleapis.com/v1beta2/operations/aG9vcHMtdXMtMTQ5MDEwL3VzLWNlbnRyYWwxL3N0cmlwZUNsZWFudXBVc2VyL2tTT0M0bk5UeERR  
 Mon Mar 27 2017 16:14:35 GMT+0100 (BST)
[debug] >>> HTTP REQUEST GET https://cloudfunctions.googleapis.com/v1beta2/operations/aG9vcHMtdXMtMTQ5MDEwL3VzLWNlbnRyYWwxL3N0cmlwZUNyZWF0ZUFjY291bnQvcjN1WVdHd29jWjA  
 Mon Mar 27 2017 16:14:35 GMT+0100 (BST)
[debug] >>> HTTP REQUEST GET https://cloudfunctions.googleapis.com/v1beta2/operations/aG9vcHMtdXMtMTQ5MDEwL3VzLWNlbnRyYWwxL3N0cmlwZUNyZWF0ZUN1c3RvbWVyL09WTEJncDU4TVZr  
 Mon Mar 27 2017 16:14:35 GMT+0100 (BST)
[debug] >>> HTTP REQUEST GET https://cloudfunctions.googleapis.com/v1beta2/operations/aG9vcHMtdXMtMTQ5MDEwL3VzLWNlbnRyYWwxL3N0cmlwZUdldEFjY291bnQvNkgyYVRQeFdHWDA  
 Mon Mar 27 2017 16:14:35 GMT+0100 (BST)
[debug] <<< HTTP RESPONSE 200
[debug] <<< HTTP RESPONSE 200
[debug] <<< HTTP RESPONSE 200
[debug] <<< HTTP RESPONSE 200
[debug] [functions] operation poll: stripeCleanupUser: update operations/aG9vcHMtdXMtMTQ5MDEwL3VzLWNlbnRyYWwxL3N0cmlwZUNsZWFudXBVc2VyL2tTT0M0bk5UeERR is not done.
[debug] [functions] operation poll: stripeCreateAccount: update operations/aG9vcHMtdXMtMTQ5MDEwL3VzLWNlbnRyYWwxL3N0cmlwZUNyZWF0ZUFjY291bnQvcjN1WVdHd29jWjA is not done.
[debug] [functions] operation poll: stripeCreateCustomer: update operations/aG9vcHMtdXMtMTQ5MDEwL3VzLWNlbnRyYWwxL3N0cmlwZUNyZWF0ZUN1c3RvbWVyL09WTEJncDU4TVZr is not done.
[debug] [functions] operation poll: stripeGetAccount: update operations/aG9vcHMtdXMtMTQ5MDEwL3VzLWNlbnRyYWwxL3N0cmlwZUdldEFjY291bnQvNkgyYVRQeFdHWDA is not done.
[debug] >>> HTTP REQUEST GET https://cloudfunctions.googleapis.com/v1beta2/operations/aG9vcHMtdXMtMTQ5MDEwL3VzLWNlbnRyYWwxL3N0cmlwZUNsZWFudXBVc2VyL2tTT0M0bk5UeERR  
 Mon Mar 27 2017 16:14:41 GMT+0100 (BST)
[debug] >>> HTTP REQUEST GET https://cloudfunctions.googleapis.com/v1beta2/operations/aG9vcHMtdXMtMTQ5MDEwL3VzLWNlbnRyYWwxL3N0cmlwZUNyZWF0ZUFjY291bnQvcjN1WVdHd29jWjA  
 Mon Mar 27 2017 16:14:41 GMT+0100 (BST)
[debug] >>> HTTP REQUEST GET https://cloudfunctions.googleapis.com/v1beta2/operations/aG9vcHMtdXMtMTQ5MDEwL3VzLWNlbnRyYWwxL3N0cmlwZUNyZWF0ZUN1c3RvbWVyL09WTEJncDU4TVZr  
 Mon Mar 27 2017 16:14:41 GMT+0100 (BST)
[debug] >>> HTTP REQUEST GET https://cloudfunctions.googleapis.com/v1beta2/operations/aG9vcHMtdXMtMTQ5MDEwL3VzLWNlbnRyYWwxL3N0cmlwZUdldEFjY291bnQvNkgyYVRQeFdHWDA  
 Mon Mar 27 2017 16:14:41 GMT+0100 (BST)
[debug] <<< HTTP RESPONSE 200
[debug] <<< HTTP RESPONSE 200
[debug] <<< HTTP RESPONSE 200
[debug] <<< HTTP RESPONSE 200
[debug] [functions] operation poll: stripeCleanupUser: update operations/aG9vcHMtdXMtMTQ5MDEwL3VzLWNlbnRyYWwxL3N0cmlwZUNsZWFudXBVc2VyL2tTT0M0bk5UeERR is not done.
[debug] [functions] operation poll: stripeCreateAccount: update operations/aG9vcHMtdXMtMTQ5MDEwL3VzLWNlbnRyYWwxL3N0cmlwZUNyZWF0ZUFjY291bnQvcjN1WVdHd29jWjA is not done.
[debug] [functions] operation poll: stripeCreateCustomer: update operations/aG9vcHMtdXMtMTQ5MDEwL3VzLWNlbnRyYWwxL3N0cmlwZUNyZWF0ZUN1c3RvbWVyL09WTEJncDU4TVZr is not done.
[debug] [functions] operation poll: stripeGetAccount: update operations/aG9vcHMtdXMtMTQ5MDEwL3VzLWNlbnRyYWwxL3N0cmlwZUdldEFjY291bnQvNkgyYVRQeFdHWDA is not done.
[debug] >>> HTTP REQUEST GET https://cloudfunctions.googleapis.com/v1beta2/operations/aG9vcHMtdXMtMTQ5MDEwL3VzLWNlbnRyYWwxL3N0cmlwZUNsZWFudXBVc2VyL2tTT0M0bk5UeERR  
 Mon Mar 27 2017 16:14:47 GMT+0100 (BST)
[debug] >>> HTTP REQUEST GET https://cloudfunctions.googleapis.com/v1beta2/operations/aG9vcHMtdXMtMTQ5MDEwL3VzLWNlbnRyYWwxL3N0cmlwZUNyZWF0ZUFjY291bnQvcjN1WVdHd29jWjA  
 Mon Mar 27 2017 16:14:47 GMT+0100 (BST)
[debug] >>> HTTP REQUEST GET https://cloudfunctions.googleapis.com/v1beta2/operations/aG9vcHMtdXMtMTQ5MDEwL3VzLWNlbnRyYWwxL3N0cmlwZUNyZWF0ZUN1c3RvbWVyL09WTEJncDU4TVZr  
 Mon Mar 27 2017 16:14:47 GMT+0100 (BST)
[debug] >>> HTTP REQUEST GET https://cloudfunctions.googleapis.com/v1beta2/operations/aG9vcHMtdXMtMTQ5MDEwL3VzLWNlbnRyYWwxL3N0cmlwZUdldEFjY291bnQvNkgyYVRQeFdHWDA  
 Mon Mar 27 2017 16:14:47 GMT+0100 (BST)
[debug] <<< HTTP RESPONSE 200
[debug] <<< HTTP RESPONSE 200
[debug] <<< HTTP RESPONSE 200
[debug] <<< HTTP RESPONSE 200
[debug] [functions] operation poll: stripeCleanupUser: update operations/aG9vcHMtdXMtMTQ5MDEwL3VzLWNlbnRyYWwxL3N0cmlwZUNsZWFudXBVc2VyL2tTT0M0bk5UeERR is not done.
[debug] [functions] operation poll: stripeCreateAccount: update operations/aG9vcHMtdXMtMTQ5MDEwL3VzLWNlbnRyYWwxL3N0cmlwZUNyZWF0ZUFjY291bnQvcjN1WVdHd29jWjA is not done.
[debug] [functions] operation poll: stripeCreateCustomer: update operations/aG9vcHMtdXMtMTQ5MDEwL3VzLWNlbnRyYWwxL3N0cmlwZUNyZWF0ZUN1c3RvbWVyL09WTEJncDU4TVZr is not done.
[debug] [functions] operation poll: stripeGetAccount: update operations/aG9vcHMtdXMtMTQ5MDEwL3VzLWNlbnRyYWwxL3N0cmlwZUdldEFjY291bnQvNkgyYVRQeFdHWDA is not done.
[debug] >>> HTTP REQUEST GET https://cloudfunctions.googleapis.com/v1beta2/operations/aG9vcHMtdXMtMTQ5MDEwL3VzLWNlbnRyYWwxL3N0cmlwZUNsZWFudXBVc2VyL2tTT0M0bk5UeERR  
 Mon Mar 27 2017 16:14:52 GMT+0100 (BST)
[debug] >>> HTTP REQUEST GET https://cloudfunctions.googleapis.com/v1beta2/operations/aG9vcHMtdXMtMTQ5MDEwL3VzLWNlbnRyYWwxL3N0cmlwZUNyZWF0ZUFjY291bnQvcjN1WVdHd29jWjA  
 Mon Mar 27 2017 16:14:52 GMT+0100 (BST)
[debug] >>> HTTP REQUEST GET https://cloudfunctions.googleapis.com/v1beta2/operations/aG9vcHMtdXMtMTQ5MDEwL3VzLWNlbnRyYWwxL3N0cmlwZUNyZWF0ZUN1c3RvbWVyL09WTEJncDU4TVZr  
 Mon Mar 27 2017 16:14:52 GMT+0100 (BST)
[debug] >>> HTTP REQUEST GET https://cloudfunctions.googleapis.com/v1beta2/operations/aG9vcHMtdXMtMTQ5MDEwL3VzLWNlbnRyYWwxL3N0cmlwZUdldEFjY291bnQvNkgyYVRQeFdHWDA  
 Mon Mar 27 2017 16:14:52 GMT+0100 (BST)
[debug] <<< HTTP RESPONSE 200
[debug] <<< HTTP RESPONSE 200
[debug] <<< HTTP RESPONSE 200
[debug] <<< HTTP RESPONSE 200
[debug] [functions] operation poll: stripeCleanupUser: update operations/aG9vcHMtdXMtMTQ5MDEwL3VzLWNlbnRyYWwxL3N0cmlwZUNsZWFudXBVc2VyL2tTT0M0bk5UeERR is not done.
[debug] [functions] operation poll: stripeCreateAccount: update operations/aG9vcHMtdXMtMTQ5MDEwL3VzLWNlbnRyYWwxL3N0cmlwZUNyZWF0ZUFjY291bnQvcjN1WVdHd29jWjA is not done.
[debug] [functions] operation poll: stripeCreateCustomer: update operations/aG9vcHMtdXMtMTQ5MDEwL3VzLWNlbnRyYWwxL3N0cmlwZUNyZWF0ZUN1c3RvbWVyL09WTEJncDU4TVZr is not done.
[debug] [functions] operation poll: stripeGetAccount: update operations/aG9vcHMtdXMtMTQ5MDEwL3VzLWNlbnRyYWwxL3N0cmlwZUdldEFjY291bnQvNkgyYVRQeFdHWDA is not done.
[debug] >>> HTTP REQUEST GET https://cloudfunctions.googleapis.com/v1beta2/operations/aG9vcHMtdXMtMTQ5MDEwL3VzLWNlbnRyYWwxL3N0cmlwZUNsZWFudXBVc2VyL2tTT0M0bk5UeERR  
 Mon Mar 27 2017 16:14:58 GMT+0100 (BST)
[debug] >>> HTTP REQUEST GET https://cloudfunctions.googleapis.com/v1beta2/operations/aG9vcHMtdXMtMTQ5MDEwL3VzLWNlbnRyYWwxL3N0cmlwZUNyZWF0ZUFjY291bnQvcjN1WVdHd29jWjA  
 Mon Mar 27 2017 16:14:58 GMT+0100 (BST)
[debug] >>> HTTP REQUEST GET https://cloudfunctions.googleapis.com/v1beta2/operations/aG9vcHMtdXMtMTQ5MDEwL3VzLWNlbnRyYWwxL3N0cmlwZUNyZWF0ZUN1c3RvbWVyL09WTEJncDU4TVZr  
 Mon Mar 27 2017 16:14:58 GMT+0100 (BST)
[debug] >>> HTTP REQUEST GET https://cloudfunctions.googleapis.com/v1beta2/operations/aG9vcHMtdXMtMTQ5MDEwL3VzLWNlbnRyYWwxL3N0cmlwZUdldEFjY291bnQvNkgyYVRQeFdHWDA  
 Mon Mar 27 2017 16:14:58 GMT+0100 (BST)
[debug] <<< HTTP RESPONSE 200
[debug] <<< HTTP RESPONSE 200
[debug] <<< HTTP RESPONSE 200
[debug] <<< HTTP RESPONSE 200
[debug] [functions] operation poll: stripeCleanupUser: update operations/aG9vcHMtdXMtMTQ5MDEwL3VzLWNlbnRyYWwxL3N0cmlwZUNsZWFudXBVc2VyL2tTT0M0bk5UeERR is not done.
[debug] [functions] operation poll: stripeCreateAccount: update operations/aG9vcHMtdXMtMTQ5MDEwL3VzLWNlbnRyYWwxL3N0cmlwZUNyZWF0ZUFjY291bnQvcjN1WVdHd29jWjA is not done.
[debug] [functions] operation poll: stripeCreateCustomer: update operations/aG9vcHMtdXMtMTQ5MDEwL3VzLWNlbnRyYWwxL3N0cmlwZUNyZWF0ZUN1c3RvbWVyL09WTEJncDU4TVZr is not done.
[debug] [functions] operation poll: stripeGetAccount: update operations/aG9vcHMtdXMtMTQ5MDEwL3VzLWNlbnRyYWwxL3N0cmlwZUdldEFjY291bnQvNkgyYVRQeFdHWDA is done.
[debug] >>> HTTP REQUEST GET https://cloudfunctions.googleapis.com/v1beta2/operations/aG9vcHMtdXMtMTQ5MDEwL3VzLWNlbnRyYWwxL3N0cmlwZUNsZWFudXBVc2VyL2tTT0M0bk5UeERR  
 Mon Mar 27 2017 16:15:04 GMT+0100 (BST)
[debug] >>> HTTP REQUEST GET https://cloudfunctions.googleapis.com/v1beta2/operations/aG9vcHMtdXMtMTQ5MDEwL3VzLWNlbnRyYWwxL3N0cmlwZUNyZWF0ZUFjY291bnQvcjN1WVdHd29jWjA  
 Mon Mar 27 2017 16:15:04 GMT+0100 (BST)
[debug] >>> HTTP REQUEST GET https://cloudfunctions.googleapis.com/v1beta2/operations/aG9vcHMtdXMtMTQ5MDEwL3VzLWNlbnRyYWwxL3N0cmlwZUNyZWF0ZUN1c3RvbWVyL09WTEJncDU4TVZr  
 Mon Mar 27 2017 16:15:04 GMT+0100 (BST)
[debug] <<< HTTP RESPONSE 200
[debug] <<< HTTP RESPONSE 200
[debug] <<< HTTP RESPONSE 200
[debug] [functions] operation poll: stripeCleanupUser: update operations/aG9vcHMtdXMtMTQ5MDEwL3VzLWNlbnRyYWwxL3N0cmlwZUNsZWFudXBVc2VyL2tTT0M0bk5UeERR is not done.
[debug] [functions] operation poll: stripeCreateAccount: update operations/aG9vcHMtdXMtMTQ5MDEwL3VzLWNlbnRyYWwxL3N0cmlwZUNyZWF0ZUFjY291bnQvcjN1WVdHd29jWjA is not done.
[debug] [functions] operation poll: stripeCreateCustomer: update operations/aG9vcHMtdXMtMTQ5MDEwL3VzLWNlbnRyYWwxL3N0cmlwZUNyZWF0ZUN1c3RvbWVyL09WTEJncDU4TVZr is not done.
[debug] >>> HTTP REQUEST GET https://cloudfunctions.googleapis.com/v1beta2/operations/aG9vcHMtdXMtMTQ5MDEwL3VzLWNlbnRyYWwxL3N0cmlwZUNsZWFudXBVc2VyL2tTT0M0bk5UeERR  
 Mon Mar 27 2017 16:15:10 GMT+0100 (BST)
[debug] >>> HTTP REQUEST GET https://cloudfunctions.googleapis.com/v1beta2/operations/aG9vcHMtdXMtMTQ5MDEwL3VzLWNlbnRyYWwxL3N0cmlwZUNyZWF0ZUFjY291bnQvcjN1WVdHd29jWjA  
 Mon Mar 27 2017 16:15:10 GMT+0100 (BST)
[debug] >>> HTTP REQUEST GET https://cloudfunctions.googleapis.com/v1beta2/operations/aG9vcHMtdXMtMTQ5MDEwL3VzLWNlbnRyYWwxL3N0cmlwZUNyZWF0ZUN1c3RvbWVyL09WTEJncDU4TVZr  
 Mon Mar 27 2017 16:15:10 GMT+0100 (BST)
[debug] <<< HTTP RESPONSE 200
[debug] <<< HTTP RESPONSE 200
[debug] <<< HTTP RESPONSE 200
[debug] [functions] operation poll: stripeCleanupUser: update operations/aG9vcHMtdXMtMTQ5MDEwL3VzLWNlbnRyYWwxL3N0cmlwZUNsZWFudXBVc2VyL2tTT0M0bk5UeERR is not done.
[debug] [functions] operation poll: stripeCreateAccount: update operations/aG9vcHMtdXMtMTQ5MDEwL3VzLWNlbnRyYWwxL3N0cmlwZUNyZWF0ZUFjY291bnQvcjN1WVdHd29jWjA is not done.
[debug] [functions] operation poll: stripeCreateCustomer: update operations/aG9vcHMtdXMtMTQ5MDEwL3VzLWNlbnRyYWwxL3N0cmlwZUNyZWF0ZUN1c3RvbWVyL09WTEJncDU4TVZr is not done.
[debug] >>> HTTP REQUEST GET https://cloudfunctions.googleapis.com/v1beta2/operations/aG9vcHMtdXMtMTQ5MDEwL3VzLWNlbnRyYWwxL3N0cmlwZUNsZWFudXBVc2VyL2tTT0M0bk5UeERR  
 Mon Mar 27 2017 16:15:16 GMT+0100 (BST)
[debug] >>> HTTP REQUEST GET https://cloudfunctions.googleapis.com/v1beta2/operations/aG9vcHMtdXMtMTQ5MDEwL3VzLWNlbnRyYWwxL3N0cmlwZUNyZWF0ZUFjY291bnQvcjN1WVdHd29jWjA  
 Mon Mar 27 2017 16:15:16 GMT+0100 (BST)
[debug] >>> HTTP REQUEST GET https://cloudfunctions.googleapis.com/v1beta2/operations/aG9vcHMtdXMtMTQ5MDEwL3VzLWNlbnRyYWwxL3N0cmlwZUNyZWF0ZUN1c3RvbWVyL09WTEJncDU4TVZr  
 Mon Mar 27 2017 16:15:16 GMT+0100 (BST)
[debug] <<< HTTP RESPONSE 200
[debug] <<< HTTP RESPONSE 200
[debug] <<< HTTP RESPONSE 200
[debug] [functions] operation poll: stripeCleanupUser: update operations/aG9vcHMtdXMtMTQ5MDEwL3VzLWNlbnRyYWwxL3N0cmlwZUNsZWFudXBVc2VyL2tTT0M0bk5UeERR is done.
[debug] [functions] operation poll: stripeCreateAccount: update operations/aG9vcHMtdXMtMTQ5MDEwL3VzLWNlbnRyYWwxL3N0cmlwZUNyZWF0ZUFjY291bnQvcjN1WVdHd29jWjA is not done.
[debug] [functions] operation poll: stripeCreateCustomer: update operations/aG9vcHMtdXMtMTQ5MDEwL3VzLWNlbnRyYWwxL3N0cmlwZUNyZWF0ZUN1c3RvbWVyL09WTEJncDU4TVZr is not done.
[debug] >>> HTTP REQUEST GET https://cloudfunctions.googleapis.com/v1beta2/operations/aG9vcHMtdXMtMTQ5MDEwL3VzLWNlbnRyYWwxL3N0cmlwZUNyZWF0ZUFjY291bnQvcjN1WVdHd29jWjA  
 Mon Mar 27 2017 16:15:21 GMT+0100 (BST)
[debug] >>> HTTP REQUEST GET https://cloudfunctions.googleapis.com/v1beta2/operations/aG9vcHMtdXMtMTQ5MDEwL3VzLWNlbnRyYWwxL3N0cmlwZUNyZWF0ZUN1c3RvbWVyL09WTEJncDU4TVZr  
 Mon Mar 27 2017 16:15:21 GMT+0100 (BST)
[debug] <<< HTTP RESPONSE 200
[debug] <<< HTTP RESPONSE 200
[debug] [functions] operation poll: stripeCreateAccount: update operations/aG9vcHMtdXMtMTQ5MDEwL3VzLWNlbnRyYWwxL3N0cmlwZUNyZWF0ZUFjY291bnQvcjN1WVdHd29jWjA is not done.
[debug] [functions] operation poll: stripeCreateCustomer: update operations/aG9vcHMtdXMtMTQ5MDEwL3VzLWNlbnRyYWwxL3N0cmlwZUNyZWF0ZUN1c3RvbWVyL09WTEJncDU4TVZr is not done.
[debug] >>> HTTP REQUEST GET https://cloudfunctions.googleapis.com/v1beta2/operations/aG9vcHMtdXMtMTQ5MDEwL3VzLWNlbnRyYWwxL3N0cmlwZUNyZWF0ZUFjY291bnQvcjN1WVdHd29jWjA  
 Mon Mar 27 2017 16:15:27 GMT+0100 (BST)
[debug] >>> HTTP REQUEST GET https://cloudfunctions.googleapis.com/v1beta2/operations/aG9vcHMtdXMtMTQ5MDEwL3VzLWNlbnRyYWwxL3N0cmlwZUNyZWF0ZUN1c3RvbWVyL09WTEJncDU4TVZr  
 Mon Mar 27 2017 16:15:27 GMT+0100 (BST)
[debug] <<< HTTP RESPONSE 200
[debug] <<< HTTP RESPONSE 200
[debug] [functions] operation poll: stripeCreateAccount: update operations/aG9vcHMtdXMtMTQ5MDEwL3VzLWNlbnRyYWwxL3N0cmlwZUNyZWF0ZUFjY291bnQvcjN1WVdHd29jWjA is not done.
[debug] [functions] operation poll: stripeCreateCustomer: update operations/aG9vcHMtdXMtMTQ5MDEwL3VzLWNlbnRyYWwxL3N0cmlwZUNyZWF0ZUN1c3RvbWVyL09WTEJncDU4TVZr is not done.
[debug] >>> HTTP REQUEST GET https://cloudfunctions.googleapis.com/v1beta2/operations/aG9vcHMtdXMtMTQ5MDEwL3VzLWNlbnRyYWwxL3N0cmlwZUNyZWF0ZUFjY291bnQvcjN1WVdHd29jWjA  
 Mon Mar 27 2017 16:15:33 GMT+0100 (BST)
[debug] >>> HTTP REQUEST GET https://cloudfunctions.googleapis.com/v1beta2/operations/aG9vcHMtdXMtMTQ5MDEwL3VzLWNlbnRyYWwxL3N0cmlwZUNyZWF0ZUN1c3RvbWVyL09WTEJncDU4TVZr  
 Mon Mar 27 2017 16:15:33 GMT+0100 (BST)
[debug] <<< HTTP RESPONSE 200
[debug] <<< HTTP RESPONSE 200
[debug] [functions] operation poll: stripeCreateAccount: update operations/aG9vcHMtdXMtMTQ5MDEwL3VzLWNlbnRyYWwxL3N0cmlwZUNyZWF0ZUFjY291bnQvcjN1WVdHd29jWjA is not done.
[debug] [functions] operation poll: stripeCreateCustomer: update operations/aG9vcHMtdXMtMTQ5MDEwL3VzLWNlbnRyYWwxL3N0cmlwZUNyZWF0ZUN1c3RvbWVyL09WTEJncDU4TVZr is not done.
[debug] >>> HTTP REQUEST GET https://cloudfunctions.googleapis.com/v1beta2/operations/aG9vcHMtdXMtMTQ5MDEwL3VzLWNlbnRyYWwxL3N0cmlwZUNyZWF0ZUFjY291bnQvcjN1WVdHd29jWjA  
 Mon Mar 27 2017 16:15:39 GMT+0100 (BST)
[debug] >>> HTTP REQUEST GET https://cloudfunctions.googleapis.com/v1beta2/operations/aG9vcHMtdXMtMTQ5MDEwL3VzLWNlbnRyYWwxL3N0cmlwZUNyZWF0ZUN1c3RvbWVyL09WTEJncDU4TVZr  
 Mon Mar 27 2017 16:15:39 GMT+0100 (BST)
[debug] <<< HTTP RESPONSE 200
[debug] <<< HTTP RESPONSE 200
[debug] [functions] operation poll: stripeCreateAccount: update operations/aG9vcHMtdXMtMTQ5MDEwL3VzLWNlbnRyYWwxL3N0cmlwZUNyZWF0ZUFjY291bnQvcjN1WVdHd29jWjA is not done.
[debug] [functions] operation poll: stripeCreateCustomer: update operations/aG9vcHMtdXMtMTQ5MDEwL3VzLWNlbnRyYWwxL3N0cmlwZUNyZWF0ZUN1c3RvbWVyL09WTEJncDU4TVZr is not done.
[debug] >>> HTTP REQUEST GET https://cloudfunctions.googleapis.com/v1beta2/operations/aG9vcHMtdXMtMTQ5MDEwL3VzLWNlbnRyYWwxL3N0cmlwZUNyZWF0ZUFjY291bnQvcjN1WVdHd29jWjA  
 Mon Mar 27 2017 16:15:44 GMT+0100 (BST)
[debug] >>> HTTP REQUEST GET https://cloudfunctions.googleapis.com/v1beta2/operations/aG9vcHMtdXMtMTQ5MDEwL3VzLWNlbnRyYWwxL3N0cmlwZUNyZWF0ZUN1c3RvbWVyL09WTEJncDU4TVZr  
 Mon Mar 27 2017 16:15:44 GMT+0100 (BST)
[debug] <<< HTTP RESPONSE 200
[debug] <<< HTTP RESPONSE 200
[debug] [functions] operation poll: stripeCreateAccount: update operations/aG9vcHMtdXMtMTQ5MDEwL3VzLWNlbnRyYWwxL3N0cmlwZUNyZWF0ZUFjY291bnQvcjN1WVdHd29jWjA is not done.
[debug] [functions] operation poll: stripeCreateCustomer: update operations/aG9vcHMtdXMtMTQ5MDEwL3VzLWNlbnRyYWwxL3N0cmlwZUNyZWF0ZUN1c3RvbWVyL09WTEJncDU4TVZr is not done.
[debug] >>> HTTP REQUEST GET https://cloudfunctions.googleapis.com/v1beta2/operations/aG9vcHMtdXMtMTQ5MDEwL3VzLWNlbnRyYWwxL3N0cmlwZUNyZWF0ZUFjY291bnQvcjN1WVdHd29jWjA  
 Mon Mar 27 2017 16:15:50 GMT+0100 (BST)
[debug] >>> HTTP REQUEST GET https://cloudfunctions.googleapis.com/v1beta2/operations/aG9vcHMtdXMtMTQ5MDEwL3VzLWNlbnRyYWwxL3N0cmlwZUNyZWF0ZUN1c3RvbWVyL09WTEJncDU4TVZr  
 Mon Mar 27 2017 16:15:50 GMT+0100 (BST)
[debug] <<< HTTP RESPONSE 200
[debug] <<< HTTP RESPONSE 200
[debug] [functions] operation poll: stripeCreateAccount: update operations/aG9vcHMtdXMtMTQ5MDEwL3VzLWNlbnRyYWwxL3N0cmlwZUNyZWF0ZUFjY291bnQvcjN1WVdHd29jWjA is not done.
[debug] [functions] operation poll: stripeCreateCustomer: update operations/aG9vcHMtdXMtMTQ5MDEwL3VzLWNlbnRyYWwxL3N0cmlwZUNyZWF0ZUN1c3RvbWVyL09WTEJncDU4TVZr is not done.
[debug] >>> HTTP REQUEST GET https://cloudfunctions.googleapis.com/v1beta2/operations/aG9vcHMtdXMtMTQ5MDEwL3VzLWNlbnRyYWwxL3N0cmlwZUNyZWF0ZUFjY291bnQvcjN1WVdHd29jWjA  
 Mon Mar 27 2017 16:15:56 GMT+0100 (BST)
[debug] >>> HTTP REQUEST GET https://cloudfunctions.googleapis.com/v1beta2/operations/aG9vcHMtdXMtMTQ5MDEwL3VzLWNlbnRyYWwxL3N0cmlwZUNyZWF0ZUN1c3RvbWVyL09WTEJncDU4TVZr  
 Mon Mar 27 2017 16:15:56 GMT+0100 (BST)
[debug] <<< HTTP RESPONSE 200
[debug] <<< HTTP RESPONSE 200
[debug] [functions] operation poll: stripeCreateAccount: update operations/aG9vcHMtdXMtMTQ5MDEwL3VzLWNlbnRyYWwxL3N0cmlwZUNyZWF0ZUFjY291bnQvcjN1WVdHd29jWjA is not done.
[debug] [functions] operation poll: stripeCreateCustomer: update operations/aG9vcHMtdXMtMTQ5MDEwL3VzLWNlbnRyYWwxL3N0cmlwZUNyZWF0ZUN1c3RvbWVyL09WTEJncDU4TVZr is not done.
[debug] >>> HTTP REQUEST GET https://cloudfunctions.googleapis.com/v1beta2/operations/aG9vcHMtdXMtMTQ5MDEwL3VzLWNlbnRyYWwxL3N0cmlwZUNyZWF0ZUFjY291bnQvcjN1WVdHd29jWjA  
 Mon Mar 27 2017 16:16:02 GMT+0100 (BST)
[debug] >>> HTTP REQUEST GET https://cloudfunctions.googleapis.com/v1beta2/operations/aG9vcHMtdXMtMTQ5MDEwL3VzLWNlbnRyYWwxL3N0cmlwZUNyZWF0ZUN1c3RvbWVyL09WTEJncDU4TVZr  
 Mon Mar 27 2017 16:16:02 GMT+0100 (BST)
[debug] <<< HTTP RESPONSE 200
[debug] <<< HTTP RESPONSE 200
[debug] [functions] operation poll: stripeCreateAccount: update operations/aG9vcHMtdXMtMTQ5MDEwL3VzLWNlbnRyYWwxL3N0cmlwZUNyZWF0ZUFjY291bnQvcjN1WVdHd29jWjA is not done.
[debug] [functions] operation poll: stripeCreateCustomer: update operations/aG9vcHMtdXMtMTQ5MDEwL3VzLWNlbnRyYWwxL3N0cmlwZUNyZWF0ZUN1c3RvbWVyL09WTEJncDU4TVZr is not done.
[debug] >>> HTTP REQUEST GET https://cloudfunctions.googleapis.com/v1beta2/operations/aG9vcHMtdXMtMTQ5MDEwL3VzLWNlbnRyYWwxL3N0cmlwZUNyZWF0ZUFjY291bnQvcjN1WVdHd29jWjA  
 Mon Mar 27 2017 16:16:08 GMT+0100 (BST)
[debug] >>> HTTP REQUEST GET https://cloudfunctions.googleapis.com/v1beta2/operations/aG9vcHMtdXMtMTQ5MDEwL3VzLWNlbnRyYWwxL3N0cmlwZUNyZWF0ZUN1c3RvbWVyL09WTEJncDU4TVZr  
 Mon Mar 27 2017 16:16:08 GMT+0100 (BST)
[debug] <<< HTTP RESPONSE 200
[debug] <<< HTTP RESPONSE 200
[debug] [functions] operation poll: stripeCreateAccount: update operations/aG9vcHMtdXMtMTQ5MDEwL3VzLWNlbnRyYWwxL3N0cmlwZUNyZWF0ZUFjY291bnQvcjN1WVdHd29jWjA is not done.
[debug] [functions] operation poll: stripeCreateCustomer: update operations/aG9vcHMtdXMtMTQ5MDEwL3VzLWNlbnRyYWwxL3N0cmlwZUNyZWF0ZUN1c3RvbWVyL09WTEJncDU4TVZr is not done.
[debug] >>> HTTP REQUEST GET https://cloudfunctions.googleapis.com/v1beta2/operations/aG9vcHMtdXMtMTQ5MDEwL3VzLWNlbnRyYWwxL3N0cmlwZUNyZWF0ZUFjY291bnQvcjN1WVdHd29jWjA  
 Mon Mar 27 2017 16:16:14 GMT+0100 (BST)
[debug] >>> HTTP REQUEST GET https://cloudfunctions.googleapis.com/v1beta2/operations/aG9vcHMtdXMtMTQ5MDEwL3VzLWNlbnRyYWwxL3N0cmlwZUNyZWF0ZUN1c3RvbWVyL09WTEJncDU4TVZr  
 Mon Mar 27 2017 16:16:14 GMT+0100 (BST)
[debug] <<< HTTP RESPONSE 200
[debug] <<< HTTP RESPONSE 200
[debug] [functions] operation poll: stripeCreateAccount: update operations/aG9vcHMtdXMtMTQ5MDEwL3VzLWNlbnRyYWwxL3N0cmlwZUNyZWF0ZUFjY291bnQvcjN1WVdHd29jWjA is not done.
[debug] [functions] operation poll: stripeCreateCustomer: update operations/aG9vcHMtdXMtMTQ5MDEwL3VzLWNlbnRyYWwxL3N0cmlwZUNyZWF0ZUN1c3RvbWVyL09WTEJncDU4TVZr is not done.
[debug] >>> HTTP REQUEST GET https://cloudfunctions.googleapis.com/v1beta2/operations/aG9vcHMtdXMtMTQ5MDEwL3VzLWNlbnRyYWwxL3N0cmlwZUNyZWF0ZUFjY291bnQvcjN1WVdHd29jWjA  
 Mon Mar 27 2017 16:16:19 GMT+0100 (BST)
[debug] >>> HTTP REQUEST GET https://cloudfunctions.googleapis.com/v1beta2/operations/aG9vcHMtdXMtMTQ5MDEwL3VzLWNlbnRyYWwxL3N0cmlwZUNyZWF0ZUN1c3RvbWVyL09WTEJncDU4TVZr  
 Mon Mar 27 2017 16:16:19 GMT+0100 (BST)
[debug] <<< HTTP RESPONSE 200
[debug] <<< HTTP RESPONSE 200
[debug] [functions] operation poll: stripeCreateAccount: update operations/aG9vcHMtdXMtMTQ5MDEwL3VzLWNlbnRyYWwxL3N0cmlwZUNyZWF0ZUFjY291bnQvcjN1WVdHd29jWjA is not done.
[debug] [functions] operation poll: stripeCreateCustomer: update operations/aG9vcHMtdXMtMTQ5MDEwL3VzLWNlbnRyYWwxL3N0cmlwZUNyZWF0ZUN1c3RvbWVyL09WTEJncDU4TVZr is not done.
[debug] >>> HTTP REQUEST GET https://cloudfunctions.googleapis.com/v1beta2/operations/aG9vcHMtdXMtMTQ5MDEwL3VzLWNlbnRyYWwxL3N0cmlwZUNyZWF0ZUFjY291bnQvcjN1WVdHd29jWjA  
 Mon Mar 27 2017 16:16:25 GMT+0100 (BST)
[debug] >>> HTTP REQUEST GET https://cloudfunctions.googleapis.com/v1beta2/operations/aG9vcHMtdXMtMTQ5MDEwL3VzLWNlbnRyYWwxL3N0cmlwZUNyZWF0ZUN1c3RvbWVyL09WTEJncDU4TVZr  
 Mon Mar 27 2017 16:16:25 GMT+0100 (BST)
[debug] <<< HTTP RESPONSE 200
[debug] <<< HTTP RESPONSE 200
[debug] [functions] operation poll: stripeCreateAccount: update operations/aG9vcHMtdXMtMTQ5MDEwL3VzLWNlbnRyYWwxL3N0cmlwZUNyZWF0ZUFjY291bnQvcjN1WVdHd29jWjA is not done.
[debug] [functions] operation poll: stripeCreateCustomer: update operations/aG9vcHMtdXMtMTQ5MDEwL3VzLWNlbnRyYWwxL3N0cmlwZUNyZWF0ZUN1c3RvbWVyL09WTEJncDU4TVZr is not done.
[debug] >>> HTTP REQUEST GET https://cloudfunctions.googleapis.com/v1beta2/operations/aG9vcHMtdXMtMTQ5MDEwL3VzLWNlbnRyYWwxL3N0cmlwZUNyZWF0ZUFjY291bnQvcjN1WVdHd29jWjA  
 Mon Mar 27 2017 16:16:31 GMT+0100 (BST)
[debug] >>> HTTP REQUEST GET https://cloudfunctions.googleapis.com/v1beta2/operations/aG9vcHMtdXMtMTQ5MDEwL3VzLWNlbnRyYWwxL3N0cmlwZUNyZWF0ZUN1c3RvbWVyL09WTEJncDU4TVZr  
 Mon Mar 27 2017 16:16:31 GMT+0100 (BST)
[debug] <<< HTTP RESPONSE 200
[debug] <<< HTTP RESPONSE 200
[debug] [functions] operation poll: stripeCreateAccount: update operations/aG9vcHMtdXMtMTQ5MDEwL3VzLWNlbnRyYWwxL3N0cmlwZUNyZWF0ZUFjY291bnQvcjN1WVdHd29jWjA is not done.
[debug] [functions] operation poll: stripeCreateCustomer: update operations/aG9vcHMtdXMtMTQ5MDEwL3VzLWNlbnRyYWwxL3N0cmlwZUNyZWF0ZUN1c3RvbWVyL09WTEJncDU4TVZr is not done.
[debug] >>> HTTP REQUEST GET https://cloudfunctions.googleapis.com/v1beta2/operations/aG9vcHMtdXMtMTQ5MDEwL3VzLWNlbnRyYWwxL3N0cmlwZUNyZWF0ZUFjY291bnQvcjN1WVdHd29jWjA  
 Mon Mar 27 2017 16:16:37 GMT+0100 (BST)
[debug] >>> HTTP REQUEST GET https://cloudfunctions.googleapis.com/v1beta2/operations/aG9vcHMtdXMtMTQ5MDEwL3VzLWNlbnRyYWwxL3N0cmlwZUNyZWF0ZUN1c3RvbWVyL09WTEJncDU4TVZr  
 Mon Mar 27 2017 16:16:37 GMT+0100 (BST)
[debug] <<< HTTP RESPONSE 200
[debug] <<< HTTP RESPONSE 200
[debug] [functions] operation poll: stripeCreateAccount: update operations/aG9vcHMtdXMtMTQ5MDEwL3VzLWNlbnRyYWwxL3N0cmlwZUNyZWF0ZUFjY291bnQvcjN1WVdHd29jWjA is not done.
[debug] [functions] operation poll: stripeCreateCustomer: update operations/aG9vcHMtdXMtMTQ5MDEwL3VzLWNlbnRyYWwxL3N0cmlwZUNyZWF0ZUN1c3RvbWVyL09WTEJncDU4TVZr is not done.
[debug] >>> HTTP REQUEST GET https://cloudfunctions.googleapis.com/v1beta2/operations/aG9vcHMtdXMtMTQ5MDEwL3VzLWNlbnRyYWwxL3N0cmlwZUNyZWF0ZUFjY291bnQvcjN1WVdHd29jWjA  
 Mon Mar 27 2017 16:16:43 GMT+0100 (BST)
[debug] >>> HTTP REQUEST GET https://cloudfunctions.googleapis.com/v1beta2/operations/aG9vcHMtdXMtMTQ5MDEwL3VzLWNlbnRyYWwxL3N0cmlwZUNyZWF0ZUN1c3RvbWVyL09WTEJncDU4TVZr  
 Mon Mar 27 2017 16:16:43 GMT+0100 (BST)
[debug] <<< HTTP RESPONSE 200
[debug] <<< HTTP RESPONSE 200
[debug] [functions] operation poll: stripeCreateAccount: update operations/aG9vcHMtdXMtMTQ5MDEwL3VzLWNlbnRyYWwxL3N0cmlwZUNyZWF0ZUFjY291bnQvcjN1WVdHd29jWjA is not done.
[debug] [functions] operation poll: stripeCreateCustomer: update operations/aG9vcHMtdXMtMTQ5MDEwL3VzLWNlbnRyYWwxL3N0cmlwZUNyZWF0ZUN1c3RvbWVyL09WTEJncDU4TVZr is not done.
[debug] >>> HTTP REQUEST GET https://cloudfunctions.googleapis.com/v1beta2/operations/aG9vcHMtdXMtMTQ5MDEwL3VzLWNlbnRyYWwxL3N0cmlwZUNyZWF0ZUFjY291bnQvcjN1WVdHd29jWjA  
 Mon Mar 27 2017 16:16:49 GMT+0100 (BST)
[debug] >>> HTTP REQUEST GET https://cloudfunctions.googleapis.com/v1beta2/operations/aG9vcHMtdXMtMTQ5MDEwL3VzLWNlbnRyYWwxL3N0cmlwZUNyZWF0ZUN1c3RvbWVyL09WTEJncDU4TVZr  
 Mon Mar 27 2017 16:16:49 GMT+0100 (BST)
[debug] <<< HTTP RESPONSE 200
[debug] <<< HTTP RESPONSE 200
[debug] [functions] operation poll: stripeCreateAccount: update operations/aG9vcHMtdXMtMTQ5MDEwL3VzLWNlbnRyYWwxL3N0cmlwZUNyZWF0ZUFjY291bnQvcjN1WVdHd29jWjA is not done.
[debug] [functions] operation poll: stripeCreateCustomer: update operations/aG9vcHMtdXMtMTQ5MDEwL3VzLWNlbnRyYWwxL3N0cmlwZUNyZWF0ZUN1c3RvbWVyL09WTEJncDU4TVZr is not done.
[debug] >>> HTTP REQUEST GET https://cloudfunctions.googleapis.com/v1beta2/operations/aG9vcHMtdXMtMTQ5MDEwL3VzLWNlbnRyYWwxL3N0cmlwZUNyZWF0ZUFjY291bnQvcjN1WVdHd29jWjA  
 Mon Mar 27 2017 16:16:54 GMT+0100 (BST)
[debug] >>> HTTP REQUEST GET https://cloudfunctions.googleapis.com/v1beta2/operations/aG9vcHMtdXMtMTQ5MDEwL3VzLWNlbnRyYWwxL3N0cmlwZUNyZWF0ZUN1c3RvbWVyL09WTEJncDU4TVZr  
 Mon Mar 27 2017 16:16:54 GMT+0100 (BST)
[debug] <<< HTTP RESPONSE 200
[debug] <<< HTTP RESPONSE 200
[debug] [functions] operation poll: stripeCreateAccount: update operations/aG9vcHMtdXMtMTQ5MDEwL3VzLWNlbnRyYWwxL3N0cmlwZUNyZWF0ZUFjY291bnQvcjN1WVdHd29jWjA is not done.
[debug] [functions] operation poll: stripeCreateCustomer: update operations/aG9vcHMtdXMtMTQ5MDEwL3VzLWNlbnRyYWwxL3N0cmlwZUNyZWF0ZUN1c3RvbWVyL09WTEJncDU4TVZr is not done.
[debug] >>> HTTP REQUEST GET https://cloudfunctions.googleapis.com/v1beta2/operations/aG9vcHMtdXMtMTQ5MDEwL3VzLWNlbnRyYWwxL3N0cmlwZUNyZWF0ZUFjY291bnQvcjN1WVdHd29jWjA  
 Mon Mar 27 2017 16:17:00 GMT+0100 (BST)
[debug] >>> HTTP REQUEST GET https://cloudfunctions.googleapis.com/v1beta2/operations/aG9vcHMtdXMtMTQ5MDEwL3VzLWNlbnRyYWwxL3N0cmlwZUNyZWF0ZUN1c3RvbWVyL09WTEJncDU4TVZr  
 Mon Mar 27 2017 16:17:00 GMT+0100 (BST)
[debug] <<< HTTP RESPONSE 200
[debug] <<< HTTP RESPONSE 200
[debug] [functions] operation poll: stripeCreateAccount: update operations/aG9vcHMtdXMtMTQ5MDEwL3VzLWNlbnRyYWwxL3N0cmlwZUNyZWF0ZUFjY291bnQvcjN1WVdHd29jWjA is not done.
[debug] [functions] operation poll: stripeCreateCustomer: update operations/aG9vcHMtdXMtMTQ5MDEwL3VzLWNlbnRyYWwxL3N0cmlwZUNyZWF0ZUN1c3RvbWVyL09WTEJncDU4TVZr is not done.
[debug] >>> HTTP REQUEST GET https://cloudfunctions.googleapis.com/v1beta2/operations/aG9vcHMtdXMtMTQ5MDEwL3VzLWNlbnRyYWwxL3N0cmlwZUNyZWF0ZUFjY291bnQvcjN1WVdHd29jWjA  
 Mon Mar 27 2017 16:17:06 GMT+0100 (BST)
[debug] >>> HTTP REQUEST GET https://cloudfunctions.googleapis.com/v1beta2/operations/aG9vcHMtdXMtMTQ5MDEwL3VzLWNlbnRyYWwxL3N0cmlwZUNyZWF0ZUN1c3RvbWVyL09WTEJncDU4TVZr  
 Mon Mar 27 2017 16:17:06 GMT+0100 (BST)
[debug] <<< HTTP RESPONSE 200
[debug] <<< HTTP RESPONSE 200
[debug] [functions] operation poll: stripeCreateAccount: update operations/aG9vcHMtdXMtMTQ5MDEwL3VzLWNlbnRyYWwxL3N0cmlwZUNyZWF0ZUFjY291bnQvcjN1WVdHd29jWjA is not done.
[debug] [functions] operation poll: stripeCreateCustomer: update operations/aG9vcHMtdXMtMTQ5MDEwL3VzLWNlbnRyYWwxL3N0cmlwZUNyZWF0ZUN1c3RvbWVyL09WTEJncDU4TVZr is not done.
[debug] >>> HTTP REQUEST GET https://cloudfunctions.googleapis.com/v1beta2/operations/aG9vcHMtdXMtMTQ5MDEwL3VzLWNlbnRyYWwxL3N0cmlwZUNyZWF0ZUFjY291bnQvcjN1WVdHd29jWjA  
 Mon Mar 27 2017 16:17:12 GMT+0100 (BST)
[debug] >>> HTTP REQUEST GET https://cloudfunctions.googleapis.com/v1beta2/operations/aG9vcHMtdXMtMTQ5MDEwL3VzLWNlbnRyYWwxL3N0cmlwZUNyZWF0ZUN1c3RvbWVyL09WTEJncDU4TVZr  
 Mon Mar 27 2017 16:17:12 GMT+0100 (BST)
[debug] <<< HTTP RESPONSE 200
[debug] <<< HTTP RESPONSE 200
[debug] [functions] operation poll: stripeCreateAccount: update operations/aG9vcHMtdXMtMTQ5MDEwL3VzLWNlbnRyYWwxL3N0cmlwZUNyZWF0ZUFjY291bnQvcjN1WVdHd29jWjA is not done.
[debug] [functions] operation poll: stripeCreateCustomer: update operations/aG9vcHMtdXMtMTQ5MDEwL3VzLWNlbnRyYWwxL3N0cmlwZUNyZWF0ZUN1c3RvbWVyL09WTEJncDU4TVZr is not done.
[debug] >>> HTTP REQUEST GET https://cloudfunctions.googleapis.com/v1beta2/operations/aG9vcHMtdXMtMTQ5MDEwL3VzLWNlbnRyYWwxL3N0cmlwZUNyZWF0ZUFjY291bnQvcjN1WVdHd29jWjA  
 Mon Mar 27 2017 16:17:18 GMT+0100 (BST)
[debug] >>> HTTP REQUEST GET https://cloudfunctions.googleapis.com/v1beta2/operations/aG9vcHMtdXMtMTQ5MDEwL3VzLWNlbnRyYWwxL3N0cmlwZUNyZWF0ZUN1c3RvbWVyL09WTEJncDU4TVZr  
 Mon Mar 27 2017 16:17:18 GMT+0100 (BST)
[debug] <<< HTTP RESPONSE 200
[debug] <<< HTTP RESPONSE 200
[debug] [functions] operation poll: stripeCreateAccount: update operations/aG9vcHMtdXMtMTQ5MDEwL3VzLWNlbnRyYWwxL3N0cmlwZUNyZWF0ZUFjY291bnQvcjN1WVdHd29jWjA is not done.
[debug] [functions] operation poll: stripeCreateCustomer: update operations/aG9vcHMtdXMtMTQ5MDEwL3VzLWNlbnRyYWwxL3N0cmlwZUNyZWF0ZUN1c3RvbWVyL09WTEJncDU4TVZr is not done.
[debug] >>> HTTP REQUEST GET https://cloudfunctions.googleapis.com/v1beta2/operations/aG9vcHMtdXMtMTQ5MDEwL3VzLWNlbnRyYWwxL3N0cmlwZUNyZWF0ZUFjY291bnQvcjN1WVdHd29jWjA  
 Mon Mar 27 2017 16:17:24 GMT+0100 (BST)
[debug] >>> HTTP REQUEST GET https://cloudfunctions.googleapis.com/v1beta2/operations/aG9vcHMtdXMtMTQ5MDEwL3VzLWNlbnRyYWwxL3N0cmlwZUNyZWF0ZUN1c3RvbWVyL09WTEJncDU4TVZr  
 Mon Mar 27 2017 16:17:24 GMT+0100 (BST)
[debug] <<< HTTP RESPONSE 200
[debug] <<< HTTP RESPONSE 200
[debug] [functions] operation poll: stripeCreateAccount: update operations/aG9vcHMtdXMtMTQ5MDEwL3VzLWNlbnRyYWwxL3N0cmlwZUNyZWF0ZUFjY291bnQvcjN1WVdHd29jWjA is not done.
[debug] [functions] operation poll: stripeCreateCustomer: update operations/aG9vcHMtdXMtMTQ5MDEwL3VzLWNlbnRyYWwxL3N0cmlwZUNyZWF0ZUN1c3RvbWVyL09WTEJncDU4TVZr is not done.
[debug] >>> HTTP REQUEST GET https://cloudfunctions.googleapis.com/v1beta2/operations/aG9vcHMtdXMtMTQ5MDEwL3VzLWNlbnRyYWwxL3N0cmlwZUNyZWF0ZUFjY291bnQvcjN1WVdHd29jWjA  
 Mon Mar 27 2017 16:17:29 GMT+0100 (BST)
[debug] >>> HTTP REQUEST GET https://cloudfunctions.googleapis.com/v1beta2/operations/aG9vcHMtdXMtMTQ5MDEwL3VzLWNlbnRyYWwxL3N0cmlwZUNyZWF0ZUN1c3RvbWVyL09WTEJncDU4TVZr  
 Mon Mar 27 2017 16:17:29 GMT+0100 (BST)
[debug] <<< HTTP RESPONSE 200
[debug] <<< HTTP RESPONSE 200
[debug] [functions] operation poll: stripeCreateAccount: update operations/aG9vcHMtdXMtMTQ5MDEwL3VzLWNlbnRyYWwxL3N0cmlwZUNyZWF0ZUFjY291bnQvcjN1WVdHd29jWjA is not done.
[debug] [functions] operation poll: stripeCreateCustomer: update operations/aG9vcHMtdXMtMTQ5MDEwL3VzLWNlbnRyYWwxL3N0cmlwZUNyZWF0ZUN1c3RvbWVyL09WTEJncDU4TVZr is not done.
[debug] >>> HTTP REQUEST GET https://cloudfunctions.googleapis.com/v1beta2/operations/aG9vcHMtdXMtMTQ5MDEwL3VzLWNlbnRyYWwxL3N0cmlwZUNyZWF0ZUFjY291bnQvcjN1WVdHd29jWjA  
 Mon Mar 27 2017 16:17:36 GMT+0100 (BST)
[debug] >>> HTTP REQUEST GET https://cloudfunctions.googleapis.com/v1beta2/operations/aG9vcHMtdXMtMTQ5MDEwL3VzLWNlbnRyYWwxL3N0cmlwZUNyZWF0ZUN1c3RvbWVyL09WTEJncDU4TVZr  
 Mon Mar 27 2017 16:17:36 GMT+0100 (BST)
[debug] <<< HTTP RESPONSE 200
[debug] <<< HTTP RESPONSE 200
[debug] [functions] operation poll: stripeCreateAccount: update operations/aG9vcHMtdXMtMTQ5MDEwL3VzLWNlbnRyYWwxL3N0cmlwZUNyZWF0ZUFjY291bnQvcjN1WVdHd29jWjA is not done.
[debug] [functions] operation poll: stripeCreateCustomer: update operations/aG9vcHMtdXMtMTQ5MDEwL3VzLWNlbnRyYWwxL3N0cmlwZUNyZWF0ZUN1c3RvbWVyL09WTEJncDU4TVZr is not done.
[debug] >>> HTTP REQUEST GET https://cloudfunctions.googleapis.com/v1beta2/operations/aG9vcHMtdXMtMTQ5MDEwL3VzLWNlbnRyYWwxL3N0cmlwZUNyZWF0ZUFjY291bnQvcjN1WVdHd29jWjA  
 Mon Mar 27 2017 16:17:41 GMT+0100 (BST)
[debug] >>> HTTP REQUEST GET https://cloudfunctions.googleapis.com/v1beta2/operations/aG9vcHMtdXMtMTQ5MDEwL3VzLWNlbnRyYWwxL3N0cmlwZUNyZWF0ZUN1c3RvbWVyL09WTEJncDU4TVZr  
 Mon Mar 27 2017 16:17:41 GMT+0100 (BST)
[debug] <<< HTTP RESPONSE 200
[debug] <<< HTTP RESPONSE 200
[debug] [functions] operation poll: stripeCreateAccount: update operations/aG9vcHMtdXMtMTQ5MDEwL3VzLWNlbnRyYWwxL3N0cmlwZUNyZWF0ZUFjY291bnQvcjN1WVdHd29jWjA is not done.
[debug] [functions] operation poll: stripeCreateCustomer: update operations/aG9vcHMtdXMtMTQ5MDEwL3VzLWNlbnRyYWwxL3N0cmlwZUNyZWF0ZUN1c3RvbWVyL09WTEJncDU4TVZr is not done.
[debug] >>> HTTP REQUEST GET https://cloudfunctions.googleapis.com/v1beta2/operations/aG9vcHMtdXMtMTQ5MDEwL3VzLWNlbnRyYWwxL3N0cmlwZUNyZWF0ZUFjY291bnQvcjN1WVdHd29jWjA  
 Mon Mar 27 2017 16:17:47 GMT+0100 (BST)
[debug] >>> HTTP REQUEST GET https://cloudfunctions.googleapis.com/v1beta2/operations/aG9vcHMtdXMtMTQ5MDEwL3VzLWNlbnRyYWwxL3N0cmlwZUNyZWF0ZUN1c3RvbWVyL09WTEJncDU4TVZr  
 Mon Mar 27 2017 16:17:47 GMT+0100 (BST)
[debug] <<< HTTP RESPONSE 200
[debug] <<< HTTP RESPONSE 200
[debug] [functions] operation poll: stripeCreateAccount: update operations/aG9vcHMtdXMtMTQ5MDEwL3VzLWNlbnRyYWwxL3N0cmlwZUNyZWF0ZUFjY291bnQvcjN1WVdHd29jWjA is not done.
[debug] [functions] operation poll: stripeCreateCustomer: update operations/aG9vcHMtdXMtMTQ5MDEwL3VzLWNlbnRyYWwxL3N0cmlwZUNyZWF0ZUN1c3RvbWVyL09WTEJncDU4TVZr is not done.
